<?xml version="1.0" encoding="UTF-8"?>
<!-- Generated by org.testng.reporters.JUnitXMLReporter -->
<testsuite ignored="8" hostname="LEGION" failures="0" tests="5" name="chrometest" time="24.196" errors="0" timestamp="2025-09-28T11:26:34 IST">
  <testcase classname="testCases.TS_001AccountRegistration.TC_RF_001_AccountRegistrationTest" name="verify_account_registration" time="3.138"/>
  <testcase classname="testCases.TS_001AccountRegistration.TC_RF_002_RegisterAllFieldsTest" name="verify_register_with_all_fields" time="2.232"/>
  <testcase classname="testCases.TS_001AccountRegistration.TC_RF_003_RegisterMandatoryFieldsValidationTest" name="verify_mandatory_field_warnings" time="1.296"/>
  <testcase classname="testCases.TS_001AccountRegistration.TC_RF_004_RegisterNewsletterYesTest" name="verify_register_with_newsletter_yes" time="2.77"/>
  <testcase classname="testCases.TS_001AccountRegistration.TC_RF_005_RegisterNewsletterNoTest" name="verify_register_with_newsletter_no" time="2.182"/>
  <testcase classname="testBase.BaseClass" name="@BeforeSuite beforeSuite" time="0.0">
    <ignored/>
  </testcase> <!-- @BeforeSuite beforeSuite -->
  <testcase classname="testBase.BaseClass" name="@BeforeSuite beforeSuite" time="0.0">
    <ignored/>
  </testcase> <!-- @BeforeSuite beforeSuite -->
  <testcase classname="testBase.BaseClass" name="@BeforeSuite beforeSuite" time="0.0">
    <ignored/>
  </testcase> <!-- @BeforeSuite beforeSuite -->
  <testcase classname="testBase.BaseClass" name="@AfterSuite afterSuite" time="0.0">
    <ignored/>
  </testcase> <!-- @AfterSuite afterSuite -->
  <testcase classname="testBase.BaseClass" name="@BeforeSuite beforeSuite" time="0.0">
    <ignored/>
  </testcase> <!-- @BeforeSuite beforeSuite -->
  <testcase classname="testBase.BaseClass" name="@AfterSuite afterSuite" time="0.0">
    <ignored/>
  </testcase> <!-- @AfterSuite afterSuite -->
  <testcase classname="testBase.BaseClass" name="@AfterSuite afterSuite" time="0.0">
    <ignored/>
  </testcase> <!-- @AfterSuite afterSuite -->
  <testcase classname="testBase.BaseClass" name="@AfterSuite afterSuite" time="0.0">
    <ignored/>
  </testcase> <!-- @AfterSuite afterSuite -->
</testsuite> <!-- chrometest -->
