<?xml version="1.0" encoding="UTF-8"?>
<!-- Generated by org.testng.reporters.JUnitXMLReporter -->
<testsuite ignored="18" hostname="LEGION" failures="0" tests="10" name="chrometest" time="52.474" errors="0" timestamp="2025-10-09T20:30:31 IST">
  <testcase classname="testCases.TS_001_AccountRegistration.TC_RF_001_ValidateAccountRegistrationTest" name="verify_account_registration" time="1.638"/>
  <testcase classname="testCases.TS_001_AccountRegistration.TC_RF_002_ValidateRegisterAllFieldsTest" name="verify_register_with_all_fields" time="1.666"/>
  <testcase classname="testCases.TS_001_AccountRegistration.TC_RF_003_ValidateRegisterMandatoryFieldsTest" name="verify_mandatory_field_warnings" time="0.884"/>
  <testcase classname="testCases.TS_001_AccountRegistration.TC_RF_004_ValidateRegisterNewsletterYesTest" name="verify_register_with_newsletter_yes" time="2.032"/>
  <testcase classname="testCases.TS_001_AccountRegistration.TC_RF_005_ValidateRegisterNewsletterNoTest" name="verify_register_with_newsletter_no" time="2.273"/>
  <testcase classname="testCases.TS_001_AccountRegistration.TC_RF_006_ValidateNavigateRegisterPageTest" name="verify_navigation_to_register_page" time="5.777"/>
  <testcase classname="testCases.TS_001_AccountRegistration.TC_RF_007_ValidateRegisterPasswordMismatchTest" name="verify_password_mismatch_warning" time="1.644"/>
  <testcase classname="testCases.TS_001_AccountRegistration.TC_RF_008_ValidateInvalidEmailRegistrationTest" name="verify_registration_with_invalid_emails" time="5.762"/>
  <testcase classname="testCases.TS_001_AccountRegistration.TC_RF_009_ValidateMissingPasswordConfirmTest" name="verify_register_without_password_confirm" time="1.172"/>
  <testcase classname="testCases.TS_001_AccountRegistration.TC_RF_010_ValidateMissingPrivacyPolicyTest" name="verify_registration_without_privacy_policy" time="1.719"/>
  <testcase classname="testBase.BaseClass" name="@AfterSuite afterSuite" time="0.0">
    <ignored/>
  </testcase> <!-- @AfterSuite afterSuite -->
  <testcase classname="testBase.BaseClass" name="@BeforeSuite beforeSuite" time="0.0">
    <ignored/>
  </testcase> <!-- @BeforeSuite beforeSuite -->
  <testcase classname="testBase.BaseClass" name="@BeforeSuite beforeSuite" time="0.0">
    <ignored/>
  </testcase> <!-- @BeforeSuite beforeSuite -->
  <testcase classname="testBase.BaseClass" name="@BeforeSuite beforeSuite" time="0.0">
    <ignored/>
  </testcase> <!-- @BeforeSuite beforeSuite -->
  <testcase classname="testBase.BaseClass" name="@AfterSuite afterSuite" time="0.0">
    <ignored/>
  </testcase> <!-- @AfterSuite afterSuite -->
  <testcase classname="testBase.BaseClass" name="@BeforeSuite beforeSuite" time="0.0">
    <ignored/>
  </testcase> <!-- @BeforeSuite beforeSuite -->
  <testcase classname="testBase.BaseClass" name="@BeforeSuite beforeSuite" time="0.0">
    <ignored/>
  </testcase> <!-- @BeforeSuite beforeSuite -->
  <testcase classname="testBase.BaseClass" name="@AfterSuite afterSuite" time="0.0">
    <ignored/>
  </testcase> <!-- @AfterSuite afterSuite -->
  <testcase classname="testBase.BaseClass" name="@BeforeSuite beforeSuite" time="0.0">
    <ignored/>
  </testcase> <!-- @BeforeSuite beforeSuite -->
  <testcase classname="testBase.BaseClass" name="@AfterSuite afterSuite" time="0.0">
    <ignored/>
  </testcase> <!-- @AfterSuite afterSuite -->
  <testcase classname="testBase.BaseClass" name="@AfterSuite afterSuite" time="0.0">
    <ignored/>
  </testcase> <!-- @AfterSuite afterSuite -->
  <testcase classname="testBase.BaseClass" name="@AfterSuite afterSuite" time="0.0">
    <ignored/>
  </testcase> <!-- @AfterSuite afterSuite -->
  <testcase classname="testBase.BaseClass" name="@BeforeSuite beforeSuite" time="0.0">
    <ignored/>
  </testcase> <!-- @BeforeSuite beforeSuite -->
  <testcase classname="testBase.BaseClass" name="@BeforeSuite beforeSuite" time="0.0">
    <ignored/>
  </testcase> <!-- @BeforeSuite beforeSuite -->
  <testcase classname="testBase.BaseClass" name="@AfterSuite afterSuite" time="0.0">
    <ignored/>
  </testcase> <!-- @AfterSuite afterSuite -->
  <testcase classname="testBase.BaseClass" name="@BeforeSuite beforeSuite" time="0.0">
    <ignored/>
  </testcase> <!-- @BeforeSuite beforeSuite -->
  <testcase classname="testBase.BaseClass" name="@AfterSuite afterSuite" time="0.0">
    <ignored/>
  </testcase> <!-- @AfterSuite afterSuite -->
  <testcase classname="testBase.BaseClass" name="@AfterSuite afterSuite" time="0.0">
    <ignored/>
  </testcase> <!-- @AfterSuite afterSuite -->
</testsuite> <!-- chrometest -->
