<?xml version="1.0" encoding="UTF-8"?>
<testsuite xmlns:xsi="http://www.w3.org/2001/XMLSchema-instance" xsi:noNamespaceSchemaLocation="https://maven.apache.org/surefire/maven-surefire-plugin/xsd/surefire-test-report-3.0.xsd" version="3.0" name="TestSuite" time="55.023" tests="10" errors="0" skipped="0" failures="0">
  <properties>
[...]
</properties>
  <testcase name="verify_account_registration" classname="testCases.TS_001_AccountRegistration.TC_RF_001_ValidateAccountRegistrationTest" time="1.639">
    <system-out><![CDATA[2025-10-09 20:29:42 INFO  TC_RF_001_ValidateAccountRegistrationTest:15 - ***** Starting TC001_AccountRegistrationTest  ****
2025-10-09 20:29:42 INFO  TC_RF_001_ValidateAccountRegistrationTest:21 - Clicked on MyAccount Link.. 
2025-10-09 20:29:42 INFO  TC_RF_001_ValidateAccountRegistrationTest:24 - Clicked on Register Link.. 
2025-10-09 20:29:42 INFO  TC_RF_001_ValidateAccountRegistrationTest:28 - Providing customer details...
2025-10-09 20:29:43 INFO  TC_RF_001_ValidateAccountRegistrationTest:42 - Validating expected message..
2025-10-09 20:29:43 INFO  TC_RF_001_ValidateAccountRegistrationTest:47 - Test passed
2025-10-09 20:29:43 INFO  TC_RF_001_ValidateAccountRegistrationTest:56 - ***** Finished TC001_AccountRegistrationTest *****
]]></system-out>
    <system-err><![CDATA[SLF4J: Failed to load class "org.slf4j.impl.StaticLoggerBinder".
SLF4J: Defaulting to no-operation (NOP) logger implementation
SLF4J: See http://www.slf4j.org/codes.html#StaticLoggerBinder for further details.
Oct 09, 2025 8:29:38 PM org.openqa.selenium.devtools.CdpVersionFinder findNearestMatch
WARNING: Unable to find CDP implementation matching 141
Oct 09, 2025 8:29:38 PM org.openqa.selenium.chromium.ChromiumDriver lambda$new$5
WARNING: Unable to find version of CDP to use for 141.0.7390.55. You may need to include a dependency on a specific version of the CDP using something similar to `org.seleniumhq.selenium:selenium-devtools-v86:4.20.0` where the version ("v86") matches the version of the chromium-based browser you're using and the version number of the artifact is the same as Selenium's.
]]></system-err>
  </testcase>
  <testcase name="verify_register_with_all_fields" classname="testCases.TS_001_AccountRegistration.TC_RF_002_ValidateRegisterAllFieldsTest" time="1.667">
    <system-out><![CDATA[2025-10-09 20:29:48 INFO  TC_RF_002_ValidateRegisterAllFieldsTest:17 - ***** Starting  TC_RF_002_ValidateRegisterAllFieldsTest *****
2025-10-09 20:29:50 INFO  TC_RF_002_ValidateRegisterAllFieldsTest:49 - Test Passed: User registered successfully with all fields.
2025-10-09 20:29:50 INFO  TC_RF_002_ValidateRegisterAllFieldsTest:56 - ***** Finished  TC_RF_002_ValidateRegisterAllFieldsTest *****
]]></system-out>
    <system-err><![CDATA[Oct 09, 2025 8:29:47 PM org.openqa.selenium.devtools.CdpVersionFinder findNearestMatch
WARNING: Unable to find CDP implementation matching 141
Oct 09, 2025 8:29:47 PM org.openqa.selenium.chromium.ChromiumDriver lambda$new$5
WARNING: Unable to find version of CDP to use for 141.0.7390.55. You may need to include a dependency on a specific version of the CDP using something similar to `org.seleniumhq.selenium:selenium-devtools-v86:4.20.0` where the version ("v86") matches the version of the chromium-based browser you're using and the version number of the artifact is the same as Selenium's.
]]></system-err>
  </testcase>
  <testcase name="verify_mandatory_field_warnings" classname="testCases.TS_001_AccountRegistration.TC_RF_003_ValidateRegisterMandatoryFieldsTest" time="0.884">
    <system-out><![CDATA[2025-10-09 20:29:53 INFO  TC_RF_003_ValidateRegisterMandatoryFieldsTest:15 - ***** Starting TC_RF_003_ValidateRegisterMandatoryFieldsTest *****
2025-10-09 20:29:54 INFO  TC_RF_003_ValidateRegisterMandatoryFieldsTest:47 - Test Passed: All mandatory field warnings displayed correctly.
2025-10-09 20:29:54 INFO  TC_RF_003_ValidateRegisterMandatoryFieldsTest:54 - ***** Finished TC_RF_003_ValidateRegisterMandatoryFieldsTest *****
]]></system-out>
    <system-err><![CDATA[Oct 09, 2025 8:29:52 PM org.openqa.selenium.devtools.CdpVersionFinder findNearestMatch
WARNING: Unable to find CDP implementation matching 141
Oct 09, 2025 8:29:52 PM org.openqa.selenium.chromium.ChromiumDriver lambda$new$5
WARNING: Unable to find version of CDP to use for 141.0.7390.55. You may need to include a dependency on a specific version of the CDP using something similar to `org.seleniumhq.selenium:selenium-devtools-v86:4.20.0` where the version ("v86") matches the version of the chromium-based browser you're using and the version number of the artifact is the same as Selenium's.
]]></system-err>
  </testcase>
  <testcase name="verify_register_with_newsletter_yes" classname="testCases.TS_001_AccountRegistration.TC_RF_004_ValidateRegisterNewsletterYesTest" time="2.033">
    <system-out><![CDATA[2025-10-09 20:29:55 INFO  TC_RF_004_ValidateRegisterNewsletterYesTest:18 - ***** Starting TC_RF_004_ValidateRegisterNewsletterYesTest *****
2025-10-09 20:29:57 INFO  TC_RF_004_ValidateRegisterNewsletterYesTest:58 - Test Passed: Newsletter 'Yes' option correctly retained after registration.
2025-10-09 20:29:57 INFO  TC_RF_004_ValidateRegisterNewsletterYesTest:65 - ***** Finished TC_RF_004_ValidateRegisterNewsletterYesTest *****
]]></system-out>
    <system-err><![CDATA[Oct 09, 2025 8:29:55 PM org.openqa.selenium.devtools.CdpVersionFinder findNearestMatch
WARNING: Unable to find CDP implementation matching 141
Oct 09, 2025 8:29:55 PM org.openqa.selenium.chromium.ChromiumDriver lambda$new$5
WARNING: Unable to find version of CDP to use for 141.0.7390.55. You may need to include a dependency on a specific version of the CDP using something similar to `org.seleniumhq.selenium:selenium-devtools-v86:4.20.0` where the version ("v86") matches the version of the chromium-based browser you're using and the version number of the artifact is the same as Selenium's.
]]></system-err>
  </testcase>
  <testcase name="verify_register_with_newsletter_no" classname="testCases.TS_001_AccountRegistration.TC_RF_005_ValidateRegisterNewsletterNoTest" time="2.274">
    <system-out><![CDATA[2025-10-09 20:29:59 INFO  TC_RF_005_ValidateRegisterNewsletterNoTest:17 - ***** Starting TC_RF_005_ValidateRegisterNewsletterNoTest *****
2025-10-09 20:30:01 INFO  TC_RF_005_ValidateRegisterNewsletterNoTest:57 - Test Passed: Newsletter 'No' option correctly retained after registration.
2025-10-09 20:30:01 INFO  TC_RF_005_ValidateRegisterNewsletterNoTest:64 - ***** Finished TC_RF_005_ValidateRegisterNewsletterNoTest *****
]]></system-out>
    <system-err><![CDATA[Oct 09, 2025 8:29:58 PM org.openqa.selenium.devtools.CdpVersionFinder findNearestMatch
WARNING: Unable to find CDP implementation matching 141
Oct 09, 2025 8:29:58 PM org.openqa.selenium.chromium.ChromiumDriver lambda$new$5
WARNING: Unable to find version of CDP to use for 141.0.7390.55. You may need to include a dependency on a specific version of the CDP using something similar to `org.seleniumhq.selenium:selenium-devtools-v86:4.20.0` where the version ("v86") matches the version of the chromium-based browser you're using and the version number of the artifact is the same as Selenium's.
]]></system-err>
  </testcase>
  <testcase name="verify_navigation_to_register_page" classname="testCases.TS_001_AccountRegistration.TC_RF_006_ValidateNavigateRegisterPageTest" time="5.776">
    <system-out><![CDATA[2025-10-09 20:30:05 INFO  TC_RF_006_ValidateNavigateRegisterPageTest:15 - ***** Starting TC_RF_006_ValidateNavigateRegisterPageTest *****
2025-10-09 20:30:11 INFO  TC_RF_006_ValidateNavigateRegisterPageTest:47 - Test Passed: All navigation paths to Register Account page validated.
2025-10-09 20:30:11 INFO  TC_RF_006_ValidateNavigateRegisterPageTest:54 - ***** Finished TC_RF_006_ValidateNavigateRegisterPageTest *****
]]></system-out>
    <system-err><![CDATA[Oct 09, 2025 8:30:03 PM org.openqa.selenium.devtools.CdpVersionFinder findNearestMatch
WARNING: Unable to find CDP implementation matching 141
Oct 09, 2025 8:30:03 PM org.openqa.selenium.chromium.ChromiumDriver lambda$new$5
WARNING: Unable to find version of CDP to use for 141.0.7390.55. You may need to include a dependency on a specific version of the CDP using something similar to `org.seleniumhq.selenium:selenium-devtools-v86:4.20.0` where the version ("v86") matches the version of the chromium-based browser you're using and the version number of the artifact is the same as Selenium's.
]]></system-err>
  </testcase>
  <testcase name="verify_password_mismatch_warning" classname="testCases.TS_001_AccountRegistration.TC_RF_007_ValidateRegisterPasswordMismatchTest" time="1.645">
    <system-out><![CDATA[2025-10-09 20:30:13 INFO  TC_RF_007_ValidateRegisterPasswordMismatchTest:16 - ***** Starting TC_RF_007_ValidateRegisterPasswordMismatchTest *****
2025-10-09 20:30:15 INFO  TC_RF_007_ValidateRegisterPasswordMismatchTest:45 - Test Passed: Password mismatch warning displayed as expected.
2025-10-09 20:30:15 INFO  TC_RF_007_ValidateRegisterPasswordMismatchTest:52 - ***** Finished TC_RF_007_ValidateRegisterPasswordMismatchTest *****
]]></system-out>
    <system-err><![CDATA[Oct 09, 2025 8:30:12 PM org.openqa.selenium.devtools.CdpVersionFinder findNearestMatch
WARNING: Unable to find CDP implementation matching 141
Oct 09, 2025 8:30:12 PM org.openqa.selenium.chromium.ChromiumDriver lambda$new$5
WARNING: Unable to find version of CDP to use for 141.0.7390.55. You may need to include a dependency on a specific version of the CDP using something similar to `org.seleniumhq.selenium:selenium-devtools-v86:4.20.0` where the version ("v86") matches the version of the chromium-based browser you're using and the version number of the artifact is the same as Selenium's.
]]></system-err>
  </testcase>
  <testcase name="verify_registration_with_invalid_emails" classname="testCases.TS_001_AccountRegistration.TC_RF_008_ValidateInvalidEmailRegistrationTest" time="5.763">
    <system-out><![CDATA[2025-10-09 20:30:16 INFO  TC_RF_008_ValidateInvalidEmailRegistrationTest:15 - ***** Starting TC_RF_008_ValidateInvalidEmailRegistrationTest *****
2025-10-09 20:30:18 INFO  TC_RF_008_ValidateInvalidEmailRegistrationTest:30 - Testing with invalid email: test@com
2025-10-09 20:30:18 INFO  TC_RF_008_ValidateInvalidEmailRegistrationTest:45 - Warning for email 'test@com': E-Mail Address does not appear to be valid!
2025-10-09 20:30:19 INFO  TC_RF_008_ValidateInvalidEmailRegistrationTest:30 - Testing with invalid email: testauto@com
2025-10-09 20:30:19 INFO  TC_RF_008_ValidateInvalidEmailRegistrationTest:45 - Warning for email 'testauto@com': E-Mail Address does not appear to be valid!
2025-10-09 20:30:20 INFO  TC_RF_008_ValidateInvalidEmailRegistrationTest:30 - Testing with invalid email: testauto@gmail-com
2025-10-09 20:30:21 INFO  TC_RF_008_ValidateInvalidEmailRegistrationTest:45 - Warning for email 'testauto@gmail-com': E-Mail Address does not appear to be valid!
2025-10-09 20:30:21 INFO  TC_RF_008_ValidateInvalidEmailRegistrationTest:30 - Testing with invalid email: testauto@gmailcom
2025-10-09 20:30:22 INFO  TC_RF_008_ValidateInvalidEmailRegistrationTest:45 - Warning for email 'testauto@gmailcom': E-Mail Address does not appear to be valid!
2025-10-09 20:30:22 INFO  TC_RF_008_ValidateInvalidEmailRegistrationTest:64 - ***** Finished TC_RF_008_ValidateInvalidEmailRegistrationTest *****
]]></system-out>
    <system-err><![CDATA[Oct 09, 2025 8:30:15 PM org.openqa.selenium.devtools.CdpVersionFinder findNearestMatch
WARNING: Unable to find CDP implementation matching 141
Oct 09, 2025 8:30:15 PM org.openqa.selenium.chromium.ChromiumDriver lambda$new$5
WARNING: Unable to find version of CDP to use for 141.0.7390.55. You may need to include a dependency on a specific version of the CDP using something similar to `org.seleniumhq.selenium:selenium-devtools-v86:4.20.0` where the version ("v86") matches the version of the chromium-based browser you're using and the version number of the artifact is the same as Selenium's.
]]></system-err>
  </testcase>
  <testcase name="verify_register_without_password_confirm" classname="testCases.TS_001_AccountRegistration.TC_RF_009_ValidateMissingPasswordConfirmTest" time="1.174">
    <system-out><![CDATA[2025-10-09 20:30:24 INFO  TC_RF_009_ValidateMissingPasswordConfirmTest:13 - ***** Starting TC_RF_009_ValidateMissingPasswordConfirmTest *****
2025-10-09 20:30:25 INFO  TC_RF_009_ValidateMissingPasswordConfirmTest:40 - Actual Warning: Password confirmation does not match password!
2025-10-09 20:30:25 INFO  TC_RF_009_ValidateMissingPasswordConfirmTest:49 - ***** Finished TC_RF_009_ValidateMissingPasswordConfirmTest *****
]]></system-out>
    <system-err><![CDATA[Oct 09, 2025 8:30:23 PM org.openqa.selenium.devtools.CdpVersionFinder findNearestMatch
WARNING: Unable to find CDP implementation matching 141
Oct 09, 2025 8:30:23 PM org.openqa.selenium.chromium.ChromiumDriver lambda$new$5
WARNING: Unable to find version of CDP to use for 141.0.7390.55. You may need to include a dependency on a specific version of the CDP using something similar to `org.seleniumhq.selenium:selenium-devtools-v86:4.20.0` where the version ("v86") matches the version of the chromium-based browser you're using and the version number of the artifact is the same as Selenium's.
]]></system-err>
  </testcase>
  <testcase name="verify_registration_without_privacy_policy" classname="testCases.TS_001_AccountRegistration.TC_RF_010_ValidateMissingPrivacyPolicyTest" time="1.721">
    <system-out><![CDATA[2025-10-09 20:30:27 INFO  TC_RF_010_ValidateMissingPrivacyPolicyTest:15 - ***** Starting TC_RF_010_ValidateMissingPrivacyPolicyTest *****
2025-10-09 20:30:29 INFO  TC_RF_010_ValidateMissingPrivacyPolicyTest:51 - ***** Finished TC_RF_010_ValidateMissingPrivacyPolicyTest *****
]]></system-out>
    <system-err><![CDATA[Oct 09, 2025 8:30:26 PM org.openqa.selenium.devtools.CdpVersionFinder findNearestMatch
WARNING: Unable to find CDP implementation matching 141
Oct 09, 2025 8:30:26 PM org.openqa.selenium.chromium.ChromiumDriver lambda$new$5
WARNING: Unable to find version of CDP to use for 141.0.7390.55. You may need to include a dependency on a specific version of the CDP using something similar to `org.seleniumhq.selenium:selenium-devtools-v86:4.20.0` where the version ("v86") matches the version of the chromium-based browser you're using and the version number of the artifact is the same as Selenium's.
]]></system-err>
  </testcase>
</testsuite>