<?xml version="1.0" encoding="UTF-8"?>
<testng-results ignored="0" total="5" passed="5" failed="0" skipped="0">
  <reporter-output>
  </reporter-output>
  <suite started-at="2025-09-28T11:26:08 IST" name="Suite1" finished-at="2025-09-28T11:26:32 IST" duration-ms="24196">
    <groups>
    </groups>
    <test started-at="2025-09-28T11:26:08 IST" name="chrometest" finished-at="2025-09-28T11:26:32 IST" duration-ms="24196">
      <class name="testCases.TS_001AccountRegistration.TC_RF_005_RegisterNewsletterNoTest">
        <test-method is-config="true" signature="setup(java.lang.String,java.lang.String)[pri:0, instance:testCases.TS_001AccountRegistration.TC_RF_005_RegisterNewsletterNoTest@460d0a57]" started-at="2025-09-28T11:26:28 IST" name="setup" finished-at="2025-09-28T11:26:30 IST" duration-ms="1917" status="PASS">
          <params>
            <param index="0">
              <value>
                <![CDATA[Windows]]>
              </value>
            </param>
            <param index="1">
              <value>
                <![CDATA[chrome]]>
              </value>
            </param>
          </params>
          <reporter-output>
          </reporter-output>
        </test-method> <!-- setup -->
        <test-method signature="verify_register_with_newsletter_no()[pri:0, instance:testCases.TS_001AccountRegistration.TC_RF_005_RegisterNewsletterNoTest@460d0a57]" started-at="2025-09-28T11:26:30 IST" name="verify_register_with_newsletter_no" finished-at="2025-09-28T11:26:32 IST" duration-ms="2182" status="PASS">
          <reporter-output>
          </reporter-output>
        </test-method> <!-- verify_register_with_newsletter_no -->
        <test-method is-config="true" signature="tearDown()[pri:0, instance:testCases.TS_001AccountRegistration.TC_RF_005_RegisterNewsletterNoTest@460d0a57]" started-at="2025-09-28T11:26:32 IST" name="tearDown" finished-at="2025-09-28T11:26:32 IST" duration-ms="224" status="PASS">
          <reporter-output>
          </reporter-output>
        </test-method> <!-- tearDown -->
      </class> <!-- testCases.TS_001AccountRegistration.TC_RF_005_RegisterNewsletterNoTest -->
      <class name="testCases.TS_001AccountRegistration.TC_RF_003_RegisterMandatoryFieldsValidationTest">
        <test-method is-config="true" signature="setup(java.lang.String,java.lang.String)[pri:0, instance:testCases.TS_001AccountRegistration.TC_RF_003_RegisterMandatoryFieldsValidationTest@7f552bd3]" started-at="2025-09-28T11:26:18 IST" name="setup" finished-at="2025-09-28T11:26:20 IST" duration-ms="2048" status="PASS">
          <params>
            <param index="0">
              <value>
                <![CDATA[Windows]]>
              </value>
            </param>
            <param index="1">
              <value>
                <![CDATA[chrome]]>
              </value>
            </param>
          </params>
          <reporter-output>
          </reporter-output>
        </test-method> <!-- setup -->
        <test-method signature="verify_mandatory_field_warnings()[pri:0, instance:testCases.TS_001AccountRegistration.TC_RF_003_RegisterMandatoryFieldsValidationTest@7f552bd3]" started-at="2025-09-28T11:26:20 IST" name="verify_mandatory_field_warnings" finished-at="2025-09-28T11:26:21 IST" duration-ms="1296" status="PASS">
          <reporter-output>
          </reporter-output>
        </test-method> <!-- verify_mandatory_field_warnings -->
        <test-method is-config="true" signature="tearDown()[pri:0, instance:testCases.TS_001AccountRegistration.TC_RF_003_RegisterMandatoryFieldsValidationTest@7f552bd3]" started-at="2025-09-28T11:26:21 IST" name="tearDown" finished-at="2025-09-28T11:26:22 IST" duration-ms="223" status="PASS">
          <reporter-output>
          </reporter-output>
        </test-method> <!-- tearDown -->
      </class> <!-- testCases.TS_001AccountRegistration.TC_RF_003_RegisterMandatoryFieldsValidationTest -->
      <class name="testCases.TS_001AccountRegistration.TC_RF_002_RegisterAllFieldsTest">
        <test-method is-config="true" signature="setup(java.lang.String,java.lang.String)[pri:0, instance:testCases.TS_001AccountRegistration.TC_RF_002_RegisterAllFieldsTest@3eb7fc54]" started-at="2025-09-28T11:26:14 IST" name="setup" finished-at="2025-09-28T11:26:16 IST" duration-ms="2029" status="PASS">
          <params>
            <param index="0">
              <value>
                <![CDATA[Windows]]>
              </value>
            </param>
            <param index="1">
              <value>
                <![CDATA[chrome]]>
              </value>
            </param>
          </params>
          <reporter-output>
          </reporter-output>
        </test-method> <!-- setup -->
        <test-method signature="verify_register_with_all_fields()[pri:0, instance:testCases.TS_001AccountRegistration.TC_RF_002_RegisterAllFieldsTest@3eb7fc54]" started-at="2025-09-28T11:26:16 IST" name="verify_register_with_all_fields" finished-at="2025-09-28T11:26:18 IST" duration-ms="2232" status="PASS">
          <reporter-output>
          </reporter-output>
        </test-method> <!-- verify_register_with_all_fields -->
        <test-method is-config="true" signature="tearDown()[pri:0, instance:testCases.TS_001AccountRegistration.TC_RF_002_RegisterAllFieldsTest@3eb7fc54]" started-at="2025-09-28T11:26:18 IST" name="tearDown" finished-at="2025-09-28T11:26:18 IST" duration-ms="186" status="PASS">
          <reporter-output>
          </reporter-output>
        </test-method> <!-- tearDown -->
      </class> <!-- testCases.TS_001AccountRegistration.TC_RF_002_RegisterAllFieldsTest -->
      <class name="testCases.TS_001AccountRegistration.TC_RF_001_AccountRegistrationTest">
        <test-method is-config="true" signature="beforeSuite()[pri:0, instance:testCases.TS_001AccountRegistration.TC_RF_001_AccountRegistrationTest@4ddced80]" started-at="2025-09-28T11:26:08 IST" name="beforeSuite" finished-at="2025-09-28T11:26:08 IST" duration-ms="104" status="PASS">
          <reporter-output>
          </reporter-output>
        </test-method> <!-- beforeSuite -->
        <test-method is-config="true" signature="setup(java.lang.String,java.lang.String)[pri:0, instance:testCases.TS_001AccountRegistration.TC_RF_001_AccountRegistrationTest@4ddced80]" started-at="2025-09-28T11:26:08 IST" name="setup" finished-at="2025-09-28T11:26:10 IST" duration-ms="1812" status="PASS">
          <params>
            <param index="0">
              <value>
                <![CDATA[Windows]]>
              </value>
            </param>
            <param index="1">
              <value>
                <![CDATA[chrome]]>
              </value>
            </param>
          </params>
          <reporter-output>
          </reporter-output>
        </test-method> <!-- setup -->
        <test-method signature="verify_account_registration()[pri:0, instance:testCases.TS_001AccountRegistration.TC_RF_001_AccountRegistrationTest@4ddced80]" started-at="2025-09-28T11:26:10 IST" name="verify_account_registration" finished-at="2025-09-28T11:26:13 IST" duration-ms="3138" status="PASS">
          <reporter-output>
          </reporter-output>
        </test-method> <!-- verify_account_registration -->
        <test-method is-config="true" signature="tearDown()[pri:0, instance:testCases.TS_001AccountRegistration.TC_RF_001_AccountRegistrationTest@4ddced80]" started-at="2025-09-28T11:26:13 IST" name="tearDown" finished-at="2025-09-28T11:26:14 IST" duration-ms="293" status="PASS">
          <reporter-output>
          </reporter-output>
        </test-method> <!-- tearDown -->
        <test-method is-config="true" signature="afterSuite()[pri:0, instance:testCases.TS_001AccountRegistration.TC_RF_001_AccountRegistrationTest@4ddced80]" started-at="2025-09-28T11:26:34 IST" name="afterSuite" finished-at="2025-09-28T11:26:35 IST" duration-ms="85" status="PASS">
          <reporter-output>
          </reporter-output>
        </test-method> <!-- afterSuite -->
      </class> <!-- testCases.TS_001AccountRegistration.TC_RF_001_AccountRegistrationTest -->
      <class name="testCases.TS_001AccountRegistration.TC_RF_004_RegisterNewsletterYesTest">
        <test-method is-config="true" signature="setup(java.lang.String,java.lang.String)[pri:0, instance:testCases.TS_001AccountRegistration.TC_RF_004_RegisterNewsletterYesTest@3c22fc4c]" started-at="2025-09-28T11:26:22 IST" name="setup" finished-at="2025-09-28T11:26:25 IST" duration-ms="3576" status="PASS">
          <params>
            <param index="0">
              <value>
                <![CDATA[Windows]]>
              </value>
            </param>
            <param index="1">
              <value>
                <![CDATA[chrome]]>
              </value>
            </param>
          </params>
          <reporter-output>
          </reporter-output>
        </test-method> <!-- setup -->
        <test-method signature="verify_register_with_newsletter_yes()[pri:0, instance:testCases.TS_001AccountRegistration.TC_RF_004_RegisterNewsletterYesTest@3c22fc4c]" started-at="2025-09-28T11:26:25 IST" name="verify_register_with_newsletter_yes" finished-at="2025-09-28T11:26:28 IST" duration-ms="2770" status="PASS">
          <reporter-output>
          </reporter-output>
        </test-method> <!-- verify_register_with_newsletter_yes -->
        <test-method is-config="true" signature="tearDown()[pri:0, instance:testCases.TS_001AccountRegistration.TC_RF_004_RegisterNewsletterYesTest@3c22fc4c]" started-at="2025-09-28T11:26:28 IST" name="tearDown" finished-at="2025-09-28T11:26:28 IST" duration-ms="239" status="PASS">
          <reporter-output>
          </reporter-output>
        </test-method> <!-- tearDown -->
      </class> <!-- testCases.TS_001AccountRegistration.TC_RF_004_RegisterNewsletterYesTest -->
    </test> <!-- chrometest -->
  </suite> <!-- Suite1 -->
</testng-results>
