<?xml version="1.0" encoding="UTF-8"?>
<testng-results ignored="0" total="10" passed="10" failed="0" skipped="0">
  <reporter-output>
  </reporter-output>
  <suite started-at="2025-10-09T20:29:37 IST" name="Suite1" finished-at="2025-10-09T20:30:29 IST" duration-ms="52474">
    <groups>
    </groups>
    <test started-at="2025-10-09T20:29:37 IST" name="chrometest" finished-at="2025-10-09T20:30:29 IST" duration-ms="52474">
      <class name="testCases.TS_001_AccountRegistration.TC_RF_006_ValidateNavigateRegisterPageTest">
        <test-method is-config="true" signature="setup(java.lang.String,java.lang.String)[pri:0, instance:testCases.TS_001_AccountRegistration.TC_RF_006_ValidateNavigateRegisterPageTest@29626d54]" started-at="2025-10-09T20:30:02 IST" name="setup" finished-at="2025-10-09T20:30:05 IST" duration-ms="3128" status="PASS">
          <params>
            <param index="0">
              <value>
                <![CDATA[Windows]]>
              </value>
            </param>
            <param index="1">
              <value>
                <![CDATA[chrome]]>
              </value>
            </param>
          </params>
          <reporter-output>
          </reporter-output>
        </test-method> <!-- setup -->
        <test-method signature="verify_navigation_to_register_page()[pri:0, instance:testCases.TS_001_AccountRegistration.TC_RF_006_ValidateNavigateRegisterPageTest@29626d54]" started-at="2025-10-09T20:30:05 IST" name="verify_navigation_to_register_page" finished-at="2025-10-09T20:30:11 IST" duration-ms="5777" status="PASS">
          <reporter-output>
          </reporter-output>
        </test-method> <!-- verify_navigation_to_register_page -->
        <test-method is-config="true" signature="tearDown()[pri:0, instance:testCases.TS_001_AccountRegistration.TC_RF_006_ValidateNavigateRegisterPageTest@29626d54]" started-at="2025-10-09T20:30:11 IST" name="tearDown" finished-at="2025-10-09T20:30:11 IST" duration-ms="287" status="PASS">
          <reporter-output>
          </reporter-output>
        </test-method> <!-- tearDown -->
      </class> <!-- testCases.TS_001_AccountRegistration.TC_RF_006_ValidateNavigateRegisterPageTest -->
      <class name="testCases.TS_001_AccountRegistration.TC_RF_002_ValidateRegisterAllFieldsTest">
        <test-method is-config="true" signature="setup(java.lang.String,java.lang.String)[pri:0, instance:testCases.TS_001_AccountRegistration.TC_RF_002_ValidateRegisterAllFieldsTest@2e4b8173]" started-at="2025-10-09T20:29:43 IST" name="setup" finished-at="2025-10-09T20:29:48 IST" duration-ms="5174" status="PASS">
          <params>
            <param index="0">
              <value>
                <![CDATA[Windows]]>
              </value>
            </param>
            <param index="1">
              <value>
                <![CDATA[chrome]]>
              </value>
            </param>
          </params>
          <reporter-output>
          </reporter-output>
        </test-method> <!-- setup -->
        <test-method signature="verify_register_with_all_fields()[pri:0, instance:testCases.TS_001_AccountRegistration.TC_RF_002_ValidateRegisterAllFieldsTest@2e4b8173]" started-at="2025-10-09T20:29:48 IST" name="verify_register_with_all_fields" finished-at="2025-10-09T20:29:50 IST" duration-ms="1666" status="PASS">
          <reporter-output>
          </reporter-output>
        </test-method> <!-- verify_register_with_all_fields -->
        <test-method is-config="true" signature="tearDown()[pri:0, instance:testCases.TS_001_AccountRegistration.TC_RF_002_ValidateRegisterAllFieldsTest@2e4b8173]" started-at="2025-10-09T20:29:50 IST" name="tearDown" finished-at="2025-10-09T20:29:51 IST" duration-ms="1079" status="PASS">
          <reporter-output>
          </reporter-output>
        </test-method> <!-- tearDown -->
      </class> <!-- testCases.TS_001_AccountRegistration.TC_RF_002_ValidateRegisterAllFieldsTest -->
      <class name="testCases.TS_001_AccountRegistration.TC_RF_004_ValidateRegisterNewsletterYesTest">
        <test-method is-config="true" signature="setup(java.lang.String,java.lang.String)[pri:0, instance:testCases.TS_001_AccountRegistration.TC_RF_004_ValidateRegisterNewsletterYesTest@17046283]" started-at="2025-10-09T20:29:54 IST" name="setup" finished-at="2025-10-09T20:29:55 IST" duration-ms="1581" status="PASS">
          <params>
            <param index="0">
              <value>
                <![CDATA[Windows]]>
              </value>
            </param>
            <param index="1">
              <value>
                <![CDATA[chrome]]>
              </value>
            </param>
          </params>
          <reporter-output>
          </reporter-output>
        </test-method> <!-- setup -->
        <test-method signature="verify_register_with_newsletter_yes()[pri:0, instance:testCases.TS_001_AccountRegistration.TC_RF_004_ValidateRegisterNewsletterYesTest@17046283]" started-at="2025-10-09T20:29:55 IST" name="verify_register_with_newsletter_yes" finished-at="2025-10-09T20:29:57 IST" duration-ms="2032" status="PASS">
          <reporter-output>
          </reporter-output>
        </test-method> <!-- verify_register_with_newsletter_yes -->
        <test-method is-config="true" signature="tearDown()[pri:0, instance:testCases.TS_001_AccountRegistration.TC_RF_004_ValidateRegisterNewsletterYesTest@17046283]" started-at="2025-10-09T20:29:57 IST" name="tearDown" finished-at="2025-10-09T20:29:58 IST" duration-ms="180" status="PASS">
          <reporter-output>
          </reporter-output>
        </test-method> <!-- tearDown -->
      </class> <!-- testCases.TS_001_AccountRegistration.TC_RF_004_ValidateRegisterNewsletterYesTest -->
      <class name="testCases.TS_001_AccountRegistration.TC_RF_007_ValidateRegisterPasswordMismatchTest">
        <test-method is-config="true" signature="setup(java.lang.String,java.lang.String)[pri:0, instance:testCases.TS_001_AccountRegistration.TC_RF_007_ValidateRegisterPasswordMismatchTest@5a63f509]" started-at="2025-10-09T20:30:11 IST" name="setup" finished-at="2025-10-09T20:30:13 IST" duration-ms="2157" status="PASS">
          <params>
            <param index="0">
              <value>
                <![CDATA[Windows]]>
              </value>
            </param>
            <param index="1">
              <value>
                <![CDATA[chrome]]>
              </value>
            </param>
          </params>
          <reporter-output>
          </reporter-output>
        </test-method> <!-- setup -->
        <test-method signature="verify_password_mismatch_warning()[pri:0, instance:testCases.TS_001_AccountRegistration.TC_RF_007_ValidateRegisterPasswordMismatchTest@5a63f509]" started-at="2025-10-09T20:30:13 IST" name="verify_password_mismatch_warning" finished-at="2025-10-09T20:30:15 IST" duration-ms="1644" status="PASS">
          <reporter-output>
          </reporter-output>
        </test-method> <!-- verify_password_mismatch_warning -->
        <test-method is-config="true" signature="tearDown()[pri:0, instance:testCases.TS_001_AccountRegistration.TC_RF_007_ValidateRegisterPasswordMismatchTest@5a63f509]" started-at="2025-10-09T20:30:15 IST" name="tearDown" finished-at="2025-10-09T20:30:15 IST" duration-ms="141" status="PASS">
          <reporter-output>
          </reporter-output>
        </test-method> <!-- tearDown -->
      </class> <!-- testCases.TS_001_AccountRegistration.TC_RF_007_ValidateRegisterPasswordMismatchTest -->
      <class name="testCases.TS_001_AccountRegistration.TC_RF_010_ValidateMissingPrivacyPolicyTest">
        <test-method is-config="true" signature="setup(java.lang.String,java.lang.String)[pri:0, instance:testCases.TS_001_AccountRegistration.TC_RF_010_ValidateMissingPrivacyPolicyTest@e056f20]" started-at="2025-10-09T20:30:26 IST" name="setup" finished-at="2025-10-09T20:30:27 IST" duration-ms="1609" status="PASS">
          <params>
            <param index="0">
              <value>
                <![CDATA[Windows]]>
              </value>
            </param>
            <param index="1">
              <value>
                <![CDATA[chrome]]>
              </value>
            </param>
          </params>
          <reporter-output>
          </reporter-output>
        </test-method> <!-- setup -->
        <test-method signature="verify_registration_without_privacy_policy()[pri:0, instance:testCases.TS_001_AccountRegistration.TC_RF_010_ValidateMissingPrivacyPolicyTest@e056f20]" started-at="2025-10-09T20:30:27 IST" name="verify_registration_without_privacy_policy" finished-at="2025-10-09T20:30:29 IST" duration-ms="1719" status="PASS">
          <reporter-output>
          </reporter-output>
        </test-method> <!-- verify_registration_without_privacy_policy -->
        <test-method is-config="true" signature="tearDown()[pri:0, instance:testCases.TS_001_AccountRegistration.TC_RF_010_ValidateMissingPrivacyPolicyTest@e056f20]" started-at="2025-10-09T20:30:29 IST" name="tearDown" finished-at="2025-10-09T20:30:29 IST" duration-ms="234" status="PASS">
          <reporter-output>
          </reporter-output>
        </test-method> <!-- tearDown -->
      </class> <!-- testCases.TS_001_AccountRegistration.TC_RF_010_ValidateMissingPrivacyPolicyTest -->
      <class name="testCases.TS_001_AccountRegistration.TC_RF_003_ValidateRegisterMandatoryFieldsTest">
        <test-method is-config="true" signature="setup(java.lang.String,java.lang.String)[pri:0, instance:testCases.TS_001_AccountRegistration.TC_RF_003_ValidateRegisterMandatoryFieldsTest@70e8f8e]" started-at="2025-10-09T20:29:51 IST" name="setup" finished-at="2025-10-09T20:29:53 IST" duration-ms="1581" status="PASS">
          <params>
            <param index="0">
              <value>
                <![CDATA[Windows]]>
              </value>
            </param>
            <param index="1">
              <value>
                <![CDATA[chrome]]>
              </value>
            </param>
          </params>
          <reporter-output>
          </reporter-output>
        </test-method> <!-- setup -->
        <test-method signature="verify_mandatory_field_warnings()[pri:0, instance:testCases.TS_001_AccountRegistration.TC_RF_003_ValidateRegisterMandatoryFieldsTest@70e8f8e]" started-at="2025-10-09T20:29:53 IST" name="verify_mandatory_field_warnings" finished-at="2025-10-09T20:29:54 IST" duration-ms="884" status="PASS">
          <reporter-output>
          </reporter-output>
        </test-method> <!-- verify_mandatory_field_warnings -->
        <test-method is-config="true" signature="tearDown()[pri:0, instance:testCases.TS_001_AccountRegistration.TC_RF_003_ValidateRegisterMandatoryFieldsTest@70e8f8e]" started-at="2025-10-09T20:29:54 IST" name="tearDown" finished-at="2025-10-09T20:29:54 IST" duration-ms="132" status="PASS">
          <reporter-output>
          </reporter-output>
        </test-method> <!-- tearDown -->
      </class> <!-- testCases.TS_001_AccountRegistration.TC_RF_003_ValidateRegisterMandatoryFieldsTest -->
      <class name="testCases.TS_001_AccountRegistration.TC_RF_009_ValidateMissingPasswordConfirmTest">
        <test-method is-config="true" signature="setup(java.lang.String,java.lang.String)[pri:0, instance:testCases.TS_001_AccountRegistration.TC_RF_009_ValidateMissingPasswordConfirmTest@34b7ac2f]" started-at="2025-10-09T20:30:22 IST" name="setup" finished-at="2025-10-09T20:30:24 IST" duration-ms="1814" status="PASS">
          <params>
            <param index="0">
              <value>
                <![CDATA[Windows]]>
              </value>
            </param>
            <param index="1">
              <value>
                <![CDATA[chrome]]>
              </value>
            </param>
          </params>
          <reporter-output>
          </reporter-output>
        </test-method> <!-- setup -->
        <test-method signature="verify_register_without_password_confirm()[pri:0, instance:testCases.TS_001_AccountRegistration.TC_RF_009_ValidateMissingPasswordConfirmTest@34b7ac2f]" started-at="2025-10-09T20:30:24 IST" name="verify_register_without_password_confirm" finished-at="2025-10-09T20:30:25 IST" duration-ms="1172" status="PASS">
          <reporter-output>
          </reporter-output>
        </test-method> <!-- verify_register_without_password_confirm -->
        <test-method is-config="true" signature="tearDown()[pri:0, instance:testCases.TS_001_AccountRegistration.TC_RF_009_ValidateMissingPasswordConfirmTest@34b7ac2f]" started-at="2025-10-09T20:30:25 IST" name="tearDown" finished-at="2025-10-09T20:30:26 IST" duration-ms="209" status="PASS">
          <reporter-output>
          </reporter-output>
        </test-method> <!-- tearDown -->
      </class> <!-- testCases.TS_001_AccountRegistration.TC_RF_009_ValidateMissingPasswordConfirmTest -->
      <class name="testCases.TS_001_AccountRegistration.TC_RF_008_ValidateInvalidEmailRegistrationTest">
        <test-method is-config="true" signature="setup(java.lang.String,java.lang.String)[pri:0, instance:testCases.TS_001_AccountRegistration.TC_RF_008_ValidateInvalidEmailRegistrationTest@6e4784bc]" started-at="2025-10-09T20:30:15 IST" name="setup" finished-at="2025-10-09T20:30:16 IST" duration-ms="1541" status="PASS">
          <params>
            <param index="0">
              <value>
                <![CDATA[Windows]]>
              </value>
            </param>
            <param index="1">
              <value>
                <![CDATA[chrome]]>
              </value>
            </param>
          </params>
          <reporter-output>
          </reporter-output>
        </test-method> <!-- setup -->
        <test-method signature="verify_registration_with_invalid_emails()[pri:0, instance:testCases.TS_001_AccountRegistration.TC_RF_008_ValidateInvalidEmailRegistrationTest@6e4784bc]" started-at="2025-10-09T20:30:16 IST" name="verify_registration_with_invalid_emails" finished-at="2025-10-09T20:30:22 IST" duration-ms="5762" status="PASS">
          <reporter-output>
          </reporter-output>
        </test-method> <!-- verify_registration_with_invalid_emails -->
        <test-method is-config="true" signature="tearDown()[pri:0, instance:testCases.TS_001_AccountRegistration.TC_RF_008_ValidateInvalidEmailRegistrationTest@6e4784bc]" started-at="2025-10-09T20:30:22 IST" name="tearDown" finished-at="2025-10-09T20:30:22 IST" duration-ms="208" status="PASS">
          <reporter-output>
          </reporter-output>
        </test-method> <!-- tearDown -->
      </class> <!-- testCases.TS_001_AccountRegistration.TC_RF_008_ValidateInvalidEmailRegistrationTest -->
      <class name="testCases.TS_001_AccountRegistration.TC_RF_005_ValidateRegisterNewsletterNoTest">
        <test-method is-config="true" signature="setup(java.lang.String,java.lang.String)[pri:0, instance:testCases.TS_001_AccountRegistration.TC_RF_005_ValidateRegisterNewsletterNoTest@5bd03f44]" started-at="2025-10-09T20:29:58 IST" name="setup" finished-at="2025-10-09T20:29:59 IST" duration-ms="1429" status="PASS">
          <params>
            <param index="0">
              <value>
                <![CDATA[Windows]]>
              </value>
            </param>
            <param index="1">
              <value>
                <![CDATA[chrome]]>
              </value>
            </param>
          </params>
          <reporter-output>
          </reporter-output>
        </test-method> <!-- setup -->
        <test-method signature="verify_register_with_newsletter_no()[pri:0, instance:testCases.TS_001_AccountRegistration.TC_RF_005_ValidateRegisterNewsletterNoTest@5bd03f44]" started-at="2025-10-09T20:29:59 IST" name="verify_register_with_newsletter_no" finished-at="2025-10-09T20:30:01 IST" duration-ms="2273" status="PASS">
          <reporter-output>
          </reporter-output>
        </test-method> <!-- verify_register_with_newsletter_no -->
        <test-method is-config="true" signature="tearDown()[pri:0, instance:testCases.TS_001_AccountRegistration.TC_RF_005_ValidateRegisterNewsletterNoTest@5bd03f44]" started-at="2025-10-09T20:30:01 IST" name="tearDown" finished-at="2025-10-09T20:30:02 IST" duration-ms="360" status="PASS">
          <reporter-output>
          </reporter-output>
        </test-method> <!-- tearDown -->
      </class> <!-- testCases.TS_001_AccountRegistration.TC_RF_005_ValidateRegisterNewsletterNoTest -->
      <class name="testCases.TS_001_AccountRegistration.TC_RF_001_ValidateAccountRegistrationTest">
        <test-method is-config="true" signature="beforeSuite()[pri:0, instance:testCases.TS_001_AccountRegistration.TC_RF_001_ValidateAccountRegistrationTest@3c130745]" started-at="2025-10-09T20:29:37 IST" name="beforeSuite" finished-at="2025-10-09T20:29:37 IST" duration-ms="105" status="PASS">
          <reporter-output>
          </reporter-output>
        </test-method> <!-- beforeSuite -->
        <test-method is-config="true" signature="setup(java.lang.String,java.lang.String)[pri:0, instance:testCases.TS_001_AccountRegistration.TC_RF_001_ValidateAccountRegistrationTest@3c130745]" started-at="2025-10-09T20:29:37 IST" name="setup" finished-at="2025-10-09T20:29:41 IST" duration-ms="4848" status="PASS">
          <params>
            <param index="0">
              <value>
                <![CDATA[Windows]]>
              </value>
            </param>
            <param index="1">
              <value>
                <![CDATA[chrome]]>
              </value>
            </param>
          </params>
          <reporter-output>
          </reporter-output>
        </test-method> <!-- setup -->
        <test-method signature="verify_account_registration()[pri:0, instance:testCases.TS_001_AccountRegistration.TC_RF_001_ValidateAccountRegistrationTest@3c130745]" started-at="2025-10-09T20:29:42 IST" name="verify_account_registration" finished-at="2025-10-09T20:29:43 IST" duration-ms="1638" status="PASS">
          <reporter-output>
          </reporter-output>
        </test-method> <!-- verify_account_registration -->
        <test-method is-config="true" signature="tearDown()[pri:0, instance:testCases.TS_001_AccountRegistration.TC_RF_001_ValidateAccountRegistrationTest@3c130745]" started-at="2025-10-09T20:29:43 IST" name="tearDown" finished-at="2025-10-09T20:29:43 IST" duration-ms="157" status="PASS">
          <reporter-output>
          </reporter-output>
        </test-method> <!-- tearDown -->
        <test-method is-config="true" signature="afterSuite()[pri:0, instance:testCases.TS_001_AccountRegistration.TC_RF_001_ValidateAccountRegistrationTest@3c130745]" started-at="2025-10-09T20:30:31 IST" name="afterSuite" finished-at="2025-10-09T20:30:31 IST" duration-ms="69" status="PASS">
          <reporter-output>
          </reporter-output>
        </test-method> <!-- afterSuite -->
      </class> <!-- testCases.TS_001_AccountRegistration.TC_RF_001_ValidateAccountRegistrationTest -->
    </test> <!-- chrometest -->
  </suite> <!-- Suite1 -->
</testng-results>
